<?xml version="1.0" encoding="UTF-8"?>
<testsuite xmlns:xsi="http://www.w3.org/2001/XMLSchema-instance" xsi:noNamespaceSchemaLocation="https://maven.apache.org/surefire/maven-surefire-plugin/xsd/surefire-test-report-3.0.xsd" version="3.0" name="com.pokemon.api.service.PokemonServiceTest" time="16.455" tests="2" errors="0" skipped="0" failures="0">
  <properties>
[...]
</properties>
  <testcase name="testRepositoryMock" classname="com.pokemon.api.service.PokemonServiceTest" time="0.149">
    <system-out><![CDATA[04:30:31.725 [main] INFO org.springframework.test.context.support.AnnotationConfigContextLoaderUtils -- Could not detect default configuration classes for test class [com.pokemon.api.service.PokemonServiceTest]: PokemonServiceTest does not declare any static, non-private, non-final, nested classes annotated with @Configuration.
04:30:32.101 [main] INFO org.springframework.boot.test.context.SpringBootTestContextBootstrapper -- Found @SpringBootConfiguration com.pokemon.api.PokemonSoapApiApplication for test class com.pokemon.api.service.PokemonServiceTest

  .   ____          _            __ _ _
 /\\ / ___'_ __ _ _(_)_ __  __ _ \ \ \ \
( ( )\___ | '_ | '_| | '_ \/ _` | \ \ \ \
 \\/  ___)| |_)| | | | | || (_| |  ) ) ) )
  '  |____| .__|_| |_|_| |_\__, | / / / /
 =========|_|==============|___/=/_/_/_/
 :: Spring Boot ::                (v3.2.0)

2025-08-28T04:30:33.548-05:00  INFO 11692 --- [pokemon-soap-api] [           main] c.p.api.service.PokemonServiceTest       : Starting PokemonServiceTest using Java 17.0.1 with PID 11692 (started by Manuel Alvarado in C:\pokemon-soap-api)
2025-08-28T04:30:33.550-05:00 DEBUG 11692 --- [pokemon-soap-api] [           main] c.p.api.service.PokemonServiceTest       : Running with Spring Boot v3.2.0, Spring v6.1.1
2025-08-28T04:30:33.551-05:00  INFO 11692 --- [pokemon-soap-api] [           main] c.p.api.service.PokemonServiceTest       : No active profile set, falling back to 1 default profile: "default"
2025-08-28T04:30:35.724-05:00  INFO 11692 --- [pokemon-soap-api] [           main] .s.d.r.c.RepositoryConfigurationDelegate : Bootstrapping Spring Data JPA repositories in DEFAULT mode.
2025-08-28T04:30:36.301-05:00  INFO 11692 --- [pokemon-soap-api] [           main] .s.d.r.c.RepositoryConfigurationDelegate : Finished Spring Data repository scanning in 544 ms. Found 1 JPA repository interface.
2025-08-28T04:30:39.410-05:00  WARN 11692 --- [pokemon-soap-api] [           main] trationDelegate$BeanPostProcessorChecker : Bean 'webServiceConfig' of type [com.pokemon.api.config.WebServiceConfig$$SpringCGLIB$$0] is not eligible for getting processed by all BeanPostProcessors (for example: not eligible for auto-proxying). Is this bean getting eagerly injected into a currently created BeanPostProcessor [annotationActionEndpointMapping]? Check the corresponding BeanPostProcessor declaration and its dependencies.
2025-08-28T04:30:39.412-05:00  WARN 11692 --- [pokemon-soap-api] [           main] trationDelegate$BeanPostProcessorChecker : Bean 'org.springframework.ws.config.annotation.DelegatingWsConfiguration' of type [org.springframework.ws.config.annotation.DelegatingWsConfiguration$$SpringCGLIB$$0] is not eligible for getting processed by all BeanPostProcessors (for example: not eligible for auto-proxying). The currently created BeanPostProcessor [annotationActionEndpointMapping] is declared through a non-static factory method on that class; consider declaring it as static instead.
2025-08-28T04:30:39.523-05:00  INFO 11692 --- [pokemon-soap-api] [           main] .w.s.a.s.AnnotationActionEndpointMapping : Supporting [WS-Addressing August 2004, WS-Addressing 1.0]
2025-08-28T04:30:40.201-05:00  INFO 11692 --- [pokemon-soap-api] [           main] o.hibernate.jpa.internal.util.LogHelper  : HHH000204: Processing PersistenceUnitInfo [name: default]
2025-08-28T04:30:40.464-05:00  INFO 11692 --- [pokemon-soap-api] [           main] org.hibernate.Version                    : HHH000412: Hibernate ORM core version 6.3.1.Final
2025-08-28T04:30:40.644-05:00  INFO 11692 --- [pokemon-soap-api] [           main] o.h.c.internal.RegionFactoryInitiator    : HHH000026: Second-level cache disabled
2025-08-28T04:30:41.126-05:00  INFO 11692 --- [pokemon-soap-api] [           main] o.s.o.j.p.SpringPersistenceUnitInfo      : No LoadTimeWeaver setup: ignoring JPA class transformer
2025-08-28T04:30:41.234-05:00  INFO 11692 --- [pokemon-soap-api] [           main] com.zaxxer.hikari.HikariDataSource       : HikariPool-1 - Starting...
2025-08-28T04:30:42.651-05:00  INFO 11692 --- [pokemon-soap-api] [           main] com.zaxxer.hikari.pool.HikariPool        : HikariPool-1 - Added connection conn0: url=jdbc:h2:mem:pokemondb user=SA
2025-08-28T04:30:42.658-05:00  INFO 11692 --- [pokemon-soap-api] [           main] com.zaxxer.hikari.HikariDataSource       : HikariPool-1 - Start completed.
2025-08-28T04:30:42.804-05:00  WARN 11692 --- [pokemon-soap-api] [           main] org.hibernate.orm.deprecation            : HHH90000025: H2Dialect does not need to be specified explicitly using 'hibernate.dialect' (remove the property setting and it will be selected by default)
2025-08-28T04:30:44.853-05:00  INFO 11692 --- [pokemon-soap-api] [           main] o.h.e.t.j.p.i.JtaPlatformInitiator       : HHH000489: No JTA platform available (set 'hibernate.transaction.jta.platform' to enable JTA platform integration)
2025-08-28T04:30:44.912-05:00 DEBUG 11692 --- [pokemon-soap-api] [           main] org.hibernate.SQL                        : 
    drop table if exists pokemon_requests cascade 
Hibernate: 
    drop table if exists pokemon_requests cascade 
2025-08-28T04:30:44.937-05:00 DEBUG 11692 --- [pokemon-soap-api] [           main] org.hibernate.SQL                        : 
    create table pokemon_requests (
        duration_ms bigint,
        id bigint generated by default as identity,
        request_date timestamp(6) not null,
        method_executed varchar(255) not null,
        origin_ip varchar(255) not null,
        pokemon_name varchar(255),
        response_status varchar(255),
        primary key (id)
    )
Hibernate: 
    create table pokemon_requests (
        duration_ms bigint,
        id bigint generated by default as identity,
        request_date timestamp(6) not null,
        method_executed varchar(255) not null,
        origin_ip varchar(255) not null,
        pokemon_name varchar(255),
        response_status varchar(255),
        primary key (id)
    )
2025-08-28T04:30:44.966-05:00  INFO 11692 --- [pokemon-soap-api] [           main] j.LocalContainerEntityManagerFactoryBean : Initialized JPA EntityManagerFactory for persistence unit 'default'
2025-08-28T04:30:45.554-05:00 DEBUG 11692 --- [pokemon-soap-api] [           main] yloadRootAnnotationMethodEndpointMapping : Looking for endpoints in application context: org.springframework.web.context.support.GenericWebApplicationContext@1ccc1026, started on Thu Aug 28 04:30:33 CDT 2025
2025-08-28T04:30:45.561-05:00 DEBUG 11692 --- [pokemon-soap-api] [           main] yloadRootAnnotationMethodEndpointMapping : Mapped [{http://pokemon.com/api/soap}getNameRequest] onto endpoint [public com.pokemon.soap.GetNameResponse com.pokemon.api.controller.PokemonSoapController.getName(org.w3c.dom.Element)]
2025-08-28T04:30:45.562-05:00 DEBUG 11692 --- [pokemon-soap-api] [           main] yloadRootAnnotationMethodEndpointMapping : Mapped [{http://pokemon.com/api/soap}getIdRequest] onto endpoint [public com.pokemon.soap.GetIdResponse com.pokemon.api.controller.PokemonSoapController.getId(org.w3c.dom.Element)]
2025-08-28T04:30:45.562-05:00 DEBUG 11692 --- [pokemon-soap-api] [           main] yloadRootAnnotationMethodEndpointMapping : Mapped [{http://pokemon.com/api/soap}getLocationAreaEncountersRequest] onto endpoint [public com.pokemon.soap.GetLocationAreaEncountersResponse com.pokemon.api.controller.PokemonSoapController.getLocationAreaEncounters(org.w3c.dom.Element)]
2025-08-28T04:30:45.562-05:00 DEBUG 11692 --- [pokemon-soap-api] [           main] yloadRootAnnotationMethodEndpointMapping : Mapped [{http://pokemon.com/api/soap}getHeldItemsRequest] onto endpoint [public com.pokemon.soap.GetHeldItemsResponse com.pokemon.api.controller.PokemonSoapController.getHeldItems(org.w3c.dom.Element)]
2025-08-28T04:30:45.563-05:00 DEBUG 11692 --- [pokemon-soap-api] [           main] yloadRootAnnotationMethodEndpointMapping : Mapped [{http://pokemon.com/api/soap}getBaseExperienceRequest] onto endpoint [public com.pokemon.soap.GetBaseExperienceResponse com.pokemon.api.controller.PokemonSoapController.getBaseExperience(org.w3c.dom.Element)]
2025-08-28T04:30:45.563-05:00 DEBUG 11692 --- [pokemon-soap-api] [           main] yloadRootAnnotationMethodEndpointMapping : Mapped [{http://pokemon.com/api/soap}getAbilitiesRequest] onto endpoint [public com.pokemon.soap.GetAbilitiesResponse com.pokemon.api.controller.PokemonSoapController.getAbilities(org.w3c.dom.Element)]
2025-08-28T04:30:45.571-05:00 DEBUG 11692 --- [pokemon-soap-api] [           main] oapActionAnnotationMethodEndpointMapping : Looking for endpoints in application context: org.springframework.web.context.support.GenericWebApplicationContext@1ccc1026, started on Thu Aug 28 04:30:33 CDT 2025
2025-08-28T04:30:45.599-05:00 DEBUG 11692 --- [pokemon-soap-api] [           main] o.s.w.s.e.a.DefaultMethodEndpointAdapter : No MethodArgumentResolvers set, using defaults: [org.springframework.ws.server.endpoint.adapter.method.dom.DomPayloadMethodProcessor@1cd82d4d, org.springframework.ws.server.endpoint.adapter.method.MessageContextMethodArgumentResolver@2be76355, org.springframework.ws.server.endpoint.adapter.method.SourcePayloadMethodProcessor@2b3a4b06, org.springframework.ws.server.endpoint.adapter.method.XPathParamMethodArgumentResolver@1f9ca08e, org.springframework.ws.soap.server.endpoint.adapter.method.SoapMethodArgumentResolver@42735475, org.springframework.ws.soap.server.endpoint.adapter.method.SoapHeaderElementMethodArgumentResolver@529e6aa5, org.springframework.ws.server.endpoint.adapter.method.jaxb.XmlRootElementPayloadMethodProcessor@2b05798b, org.springframework.ws.server.endpoint.adapter.method.jaxb.JaxbElementPayloadMethodProcessor@516724b5, org.springframework.ws.server.endpoint.adapter.method.StaxPayloadMethodArgumentResolver@96f0210]
2025-08-28T04:30:45.601-05:00 DEBUG 11692 --- [pokemon-soap-api] [           main] o.s.w.s.e.a.DefaultMethodEndpointAdapter : No MethodReturnValueHandlers set, using defaults: [org.springframework.ws.server.endpoint.adapter.method.dom.DomPayloadMethodProcessor@28059ada, org.springframework.ws.server.endpoint.adapter.method.SourcePayloadMethodProcessor@284c7770, org.springframework.ws.server.endpoint.adapter.method.jaxb.XmlRootElementPayloadMethodProcessor@4066ac40, org.springframework.ws.server.endpoint.adapter.method.jaxb.JaxbElementPayloadMethodProcessor@31e849de]
2025-08-28T04:30:45.749-05:00 DEBUG 11692 --- [pokemon-soap-api] [           main] s.w.w.w.p.InliningXsdSchemaTypesProvider : Inlining SimpleXsdSchema{http://pokemon.com/api/soap}
2025-08-28T04:30:45.771-05:00 DEBUG 11692 --- [pokemon-soap-api] [           main] o.s.w.w.w.p.DefaultMessagesProvider      : Looking for elements in schema with target namespace [http://pokemon.com/api/soap]
2025-08-28T04:30:45.772-05:00 DEBUG 11692 --- [pokemon-soap-api] [           main] o.s.w.w.w.p.DefaultMessagesProvider      : Creating message [{http://pokemon.com/api/soap}getAbilitiesRequest]
2025-08-28T04:30:45.774-05:00 DEBUG 11692 --- [pokemon-soap-api] [           main] o.s.w.w.w.p.DefaultMessagesProvider      : Creating message [{http://pokemon.com/api/soap}getBaseExperienceRequest]
2025-08-28T04:30:45.774-05:00 DEBUG 11692 --- [pokemon-soap-api] [           main] o.s.w.w.w.p.DefaultMessagesProvider      : Creating message [{http://pokemon.com/api/soap}getHeldItemsRequest]
2025-08-28T04:30:45.774-05:00 DEBUG 11692 --- [pokemon-soap-api] [           main] o.s.w.w.w.p.DefaultMessagesProvider      : Creating message [{http://pokemon.com/api/soap}getIdRequest]
2025-08-28T04:30:45.774-05:00 DEBUG 11692 --- [pokemon-soap-api] [           main] o.s.w.w.w.p.DefaultMessagesProvider      : Creating message [{http://pokemon.com/api/soap}getNameRequest]
2025-08-28T04:30:45.774-05:00 DEBUG 11692 --- [pokemon-soap-api] [           main] o.s.w.w.w.p.DefaultMessagesProvider      : Creating message [{http://pokemon.com/api/soap}getLocationAreaEncountersRequest]
2025-08-28T04:30:45.774-05:00 DEBUG 11692 --- [pokemon-soap-api] [           main] o.s.w.w.w.p.DefaultMessagesProvider      : Creating message [{http://pokemon.com/api/soap}getAbilitiesResponse]
2025-08-28T04:30:45.775-05:00 DEBUG 11692 --- [pokemon-soap-api] [           main] o.s.w.w.w.p.DefaultMessagesProvider      : Creating message [{http://pokemon.com/api/soap}getBaseExperienceResponse]
2025-08-28T04:30:45.775-05:00 DEBUG 11692 --- [pokemon-soap-api] [           main] o.s.w.w.w.p.DefaultMessagesProvider      : Creating message [{http://pokemon.com/api/soap}getHeldItemsResponse]
2025-08-28T04:30:45.775-05:00 DEBUG 11692 --- [pokemon-soap-api] [           main] o.s.w.w.w.p.DefaultMessagesProvider      : Creating message [{http://pokemon.com/api/soap}getIdResponse]
2025-08-28T04:30:45.775-05:00 DEBUG 11692 --- [pokemon-soap-api] [           main] o.s.w.w.w.p.DefaultMessagesProvider      : Creating message [{http://pokemon.com/api/soap}getNameResponse]
2025-08-28T04:30:45.775-05:00 DEBUG 11692 --- [pokemon-soap-api] [           main] o.s.w.w.w.p.DefaultMessagesProvider      : Creating message [{http://pokemon.com/api/soap}getLocationAreaEncountersResponse]
2025-08-28T04:30:45.777-05:00 DEBUG 11692 --- [pokemon-soap-api] [           main] o.s.w.w.w.p.SuffixBasedPortTypesProvider : Creating port type [{http://pokemon.com/api/soap}PokemonPort]
2025-08-28T04:30:45.782-05:00 DEBUG 11692 --- [pokemon-soap-api] [           main] o.s.w.w.w.p.SuffixBasedPortTypesProvider : Adding operation [getAbilities] to port type [{http://pokemon.com/api/soap}PokemonPort]
2025-08-28T04:30:45.782-05:00 DEBUG 11692 --- [pokemon-soap-api] [           main] o.s.w.w.w.p.SuffixBasedPortTypesProvider : Adding operation [getBaseExperience] to port type [{http://pokemon.com/api/soap}PokemonPort]
2025-08-28T04:30:45.782-05:00 DEBUG 11692 --- [pokemon-soap-api] [           main] o.s.w.w.w.p.SuffixBasedPortTypesProvider : Adding operation [getName] to port type [{http://pokemon.com/api/soap}PokemonPort]
2025-08-28T04:30:45.783-05:00 DEBUG 11692 --- [pokemon-soap-api] [           main] o.s.w.w.w.p.SuffixBasedPortTypesProvider : Adding operation [getId] to port type [{http://pokemon.com/api/soap}PokemonPort]
2025-08-28T04:30:45.783-05:00 DEBUG 11692 --- [pokemon-soap-api] [           main] o.s.w.w.w.p.SuffixBasedPortTypesProvider : Adding operation [getLocationAreaEncounters] to port type [{http://pokemon.com/api/soap}PokemonPort]
2025-08-28T04:30:45.783-05:00 DEBUG 11692 --- [pokemon-soap-api] [           main] o.s.w.w.w.p.SuffixBasedPortTypesProvider : Adding operation [getHeldItems] to port type [{http://pokemon.com/api/soap}PokemonPort]
2025-08-28T04:30:45.786-05:00 DEBUG 11692 --- [pokemon-soap-api] [           main] o.s.w.w.wsdl11.provider.Soap11Provider   : Creating binding [{http://pokemon.com/api/soap}PokemonPortSoap11]
2025-08-28T04:30:45.791-05:00 DEBUG 11692 --- [pokemon-soap-api] [           main] o.s.w.w.wsdl11.provider.Soap11Provider   : Creating service [{http://pokemon.com/api/soap}PokemonPortService]
2025-08-28T04:30:45.793-05:00 DEBUG 11692 --- [pokemon-soap-api] [           main] o.s.w.w.wsdl11.provider.Soap11Provider   : Adding port [PokemonPortSoap11] to service [{http://pokemon.com/api/soap}PokemonPortService]
2025-08-28T04:30:46.496-05:00  WARN 11692 --- [pokemon-soap-api] [           main] JpaBaseConfiguration$JpaWebConfiguration : spring.jpa.open-in-view is enabled by default. Therefore, database queries may be performed during view rendering. Explicitly configure spring.jpa.open-in-view to disable this warning
2025-08-28T04:30:47.269-05:00  INFO 11692 --- [pokemon-soap-api] [           main] o.s.b.a.h2.H2ConsoleAutoConfiguration    : H2 console available at '/h2-console'. Database available at 'jdbc:h2:mem:pokemondb'
2025-08-28T04:30:47.403-05:00  INFO 11692 --- [pokemon-soap-api] [           main] c.p.api.service.PokemonServiceTest       : Started PokemonServiceTest in 14.721 seconds (process running for 18.025)
]]></system-out>
  </testcase>
  <testcase name="testServiceExists" classname="com.pokemon.api.service.PokemonServiceTest" time="0.007"/>
</testsuite>